
/home/runner/work/exp-beer-lambert-law-iiith/exp-beer-lambert-law-iiith/experiment/simulation/expt6/mas6_animations.js
    4:5   warning  'id' is not defined                        no-undef
    6:12  warning  'type_of_movement' is not defined          no-undef
    7:17  warning  'initial_top' is not defined               no-undef
    7:31  warning  'final_top' is not defined                 no-undef
    8:31  warning  'id' is not defined                        no-undef
    9:17  warning  'count' is not defined                     no-undef
   11:17  warning  'initial_top' is not defined               no-undef
   11:30  warning  'step_top' is not defined                  no-undef
   12:17  warning  'initial_left' is not defined              no-undef
   12:31  warning  'step_left' is not defined                 no-undef
   13:17  warning  'elem' is not defined                      no-undef
   13:34  warning  'initial_top' is not defined               no-undef
   14:17  warning  'elem' is not defined                      no-undef
   14:35  warning  'initial_left' is not defined              no-undef
   17:17  warning  'type_of_movement' is not defined          no-undef
   18:17  warning  'initial_top' is not defined               no-undef
   18:31  warning  'final_top' is not defined                 no-undef
   19:31  warning  'id' is not defined                        no-undef
   20:17  warning  'count' is not defined                     no-undef
   22:17  warning  'initial_top' is not defined               no-undef
   22:30  warning  'step_top' is not defined                  no-undef
   23:17  warning  'initial_left' is not defined              no-undef
   23:31  warning  'step_left' is not defined                 no-undef
   24:17  warning  'elem' is not defined                      no-undef
   24:34  warning  'initial_top' is not defined               no-undef
   25:17  warning  'elem' is not defined                      no-undef
   25:35  warning  'initial_left' is not defined              no-undef
   34:10  warning  'beaker' is defined but never used         no-unused-vars
   35:8   warning  'step_no' is not defined                   no-undef
   37:9   warning  'elem' is not defined                      no-undef
   39:9   warning  'initial_top' is not defined               no-undef
   39:34  warning  '$' is not defined                         no-undef
   40:9   warning  'initial_left' is not defined              no-undef
   40:35  warning  '$' is not defined                         no-undef
   42:9   warning  'final_top' is not defined                 no-undef
   43:9   warning  'step_top' is not defined                  no-undef
   44:9   warning  'step_left' is not defined                 no-undef
   45:9   warning  'type_of_movement' is not defined          no-undef
   49:9   warning  '$' is not defined                         no-undef
   50:9   warning  '$' is not defined                         no-undef
   52:9   warning  'cursorPointers' is not defined            no-undef
   53:9   warning  'step_no' is not defined                   no-undef
   60:10  warning  'flask' is defined but never used          no-unused-vars
   61:8   warning  'step_no' is not defined                   no-undef
   61:24  warning  'count' is not defined                     no-undef
   63:9   warning  'elem' is not defined                      no-undef
   65:9   warning  'initial_top' is not defined               no-undef
   65:34  warning  '$' is not defined                         no-undef
   66:9   warning  'initial_left' is not defined              no-undef
   66:35  warning  '$' is not defined                         no-undef
   68:9   warning  'final_top' is not defined                 no-undef
   69:9   warning  'step_top' is not defined                  no-undef
   70:9   warning  'step_left' is not defined                 no-undef
   71:9   warning  'type_of_movement' is not defined          no-undef
   76:9   warning  'step_no' is not defined                   no-undef
   78:13  warning  'step_no' is not defined                   no-undef
   78:27  warning  'count' is not defined                     no-undef
   80:9   warning  'step_no' is not defined                   no-undef
   87:5   warning  'elem' is not defined                      no-undef
   89:5   warning  'initial_top' is not defined               no-undef
   89:30  warning  '$' is not defined                         no-undef
   90:5   warning  'initial_left' is not defined              no-undef
   90:31  warning  '$' is not defined                         no-undef
   92:5   warning  'final_top' is not defined                 no-undef
   93:5   warning  'step_top' is not defined                  no-undef
   94:5   warning  'step_left' is not defined                 no-undef
   95:5   warning  'type_of_movement' is not defined          no-undef
   99:5   warning  'id1' is not defined                       no-undef
  109:5   warning  'img' is not defined                       no-undef
  110:5   warning  'img1' is not defined                      no-undef
  143:8   warning  'y' is not defined                         no-undef
  144:9   warning  'img' is not defined                       no-undef
  144:25  warning  'y' is not defined                         no-undef
  147:5   warning  'y' is not defined                         no-undef
  149:9   warning  'y' is not defined                         no-undef
  150:9   warning  'img' is not defined                       no-undef
  152:9   warning  'y' is not defined                         no-undef
  153:9   warning  'img' is not defined                       no-undef
  154:9   warning  'img1' is not defined                      no-undef
  156:9   warning  'y' is not defined                         no-undef
  157:9   warning  'img' is not defined                       no-undef
  158:9   warning  'img1' is not defined                      no-undef
  160:8   warning  'y' is not defined                         no-undef
  161:23  warning  'id1' is not defined                       no-undef
  166:10  warning  'moveFlaskBack' is defined but never used  no-unused-vars
  168:5   warning  'elem' is not defined                      no-undef
  170:5   warning  'initial_top' is not defined               no-undef
  170:30  warning  '$' is not defined                         no-undef
  171:5   warning  'initial_left' is not defined              no-undef
  171:31  warning  '$' is not defined                         no-undef
  173:5   warning  'final_top' is not defined                 no-undef
  174:5   warning  'step_top' is not defined                  no-undef
  175:5   warning  'step_left' is not defined                 no-undef
  176:5   warning  'type_of_movement' is not defined          no-undef
  178:5   warning  'elem' is not defined                      no-undef
  180:5   warning  'elem' is not defined                      no-undef
  182:5   warning  'cursorPointers' is not defined            no-undef
  190:10  warning  'pipette' is defined but never used        no-unused-vars
  191:9   warning  'step_no' is not defined                   no-undef
  191:25  warning  'count' is not defined                     no-undef
  193:9   warning  'elem' is not defined                      no-undef
  195:9   warning  'initial_top' is not defined               no-undef
  195:34  warning  '$' is not defined                         no-undef
  196:9   warning  'initial_left' is not defined              no-undef
  196:35  warning  '$' is not defined                         no-undef
  198:9   warning  'final_top' is not defined                 no-undef
  199:9   warning  'step_top' is not defined                  no-undef
  200:9   warning  'step_left' is not defined                 no-undef
  201:9   warning  'type_of_movement' is not defined          no-undef
  206:9   warning  'step_no' is not defined                   no-undef
  209:13  warning  'step_no' is not defined                   no-undef
  209:27  warning  'count' is not defined                     no-undef
  213:9   warning  'step_no' is not defined                   no-undef
  216:13  warning  'step_no' is not defined                   no-undef
  216:27  warning  'count' is not defined                     no-undef
  220:9   warning  'step_no' is not defined                   no-undef
  226:5   warning  'img' is not defined                       no-undef
  227:5   warning  'img' is not defined                       no-undef
  229:9   warning  'img' is not defined                       no-undef
  230:9   warning  'img' is not defined                       no-undef
  231:9   warning  'elem' is not defined                      no-undef
  232:9   warning  'count' is not defined                     no-undef
  234:5   warning  'cursorPointers' is not defined            no-undef
  241:5   warning  'elem' is not defined                      no-undef
  243:5   warning  'initial_top' is not defined               no-undef
  243:30  warning  '$' is not defined                         no-undef
  244:5   warning  'initial_left' is not defined              no-undef
  244:31  warning  '$' is not defined                         no-undef
  246:5   warning  'final_top' is not defined                 no-undef
  247:5   warning  'step_top' is not defined                  no-undef
  248:5   warning  'step_left' is not defined                 no-undef
  249:5   warning  'type_of_movement' is not defined          no-undef
  253:9   warning  'img' is not defined                       no-undef
  254:9   warning  'img' is not defined                       no-undef
  255:9   warning  'elem' is not defined                      no-undef
  262:5   warning  'elem' is not defined                      no-undef
  264:5   warning  'initial_top' is not defined               no-undef
  264:30  warning  '$' is not defined                         no-undef
  265:5   warning  'initial_left' is not defined              no-undef
  265:31  warning  '$' is not defined                         no-undef
  267:5   warning  'final_top' is not defined                 no-undef
  268:5   warning  'step_top' is not defined                  no-undef
  269:5   warning  'step_left' is not defined                 no-undef
  270:5   warning  'type_of_movement' is not defined          no-undef
  273:5   warning  'cursorPointers' is not defined            no-undef
  279:10  warning  'cuvette' is defined but never used        no-unused-vars
  280:10  warning  'step_no' is not defined                   no-undef
  280:26  warning  'count' is not defined                     no-undef
  282:9   warning  'elem' is not defined                      no-undef
  284:9   warning  'elem' is not defined                      no-undef
  286:9   warning  'initial_top' is not defined               no-undef
  286:34  warning  '$' is not defined                         no-undef
  287:9   warning  'initial_left' is not defined              no-undef
  287:35  warning  '$' is not defined                         no-undef
  289:9   warning  'final_top' is not defined                 no-undef
  290:9   warning  'step_top' is not defined                  no-undef
  291:9   warning  'step_left' is not defined                 no-undef
  292:9   warning  'type_of_movement' is not defined          no-undef
  297:9   warning  'cursorPointers' is not defined            no-undef
  298:9   warning  'step_no' is not defined                   no-undef
  300:13  warning  'step_no' is not defined                   no-undef
  302:9   warning  'elem' is not defined                      no-undef
  305:9   warning  'initial_top' is not defined               no-undef
  305:34  warning  '$' is not defined                         no-undef
  306:9   warning  'initial_left' is not defined              no-undef
  306:35  warning  '$' is not defined                         no-undef
  308:9   warning  'final_top' is not defined                 no-undef
  309:9   warning  'step_top' is not defined                  no-undef
  310:9   warning  'step_left' is not defined                 no-undef
  311:9   warning  'type_of_movement' is not defined          no-undef
  316:9   warning  'step_no' is not defined                   no-undef
  321:10  warning  'moveDown' is defined but never used       no-unused-vars
  323:5   warning  'initial_top' is not defined               no-undef
  323:30  warning  '$' is not defined                         no-undef
  324:5   warning  'initial_left' is not defined              no-undef
  324:31  warning  '$' is not defined                         no-undef
  326:5   warning  'final_top' is not defined                 no-undef
  327:5   warning  'step_top' is not defined                  no-undef
  328:5   warning  'step_left' is not defined                 no-undef
  329:5   warning  'type_of_movement' is not defined          no-undef
  337:10  warning  'extraCuvette' is defined but never used   no-unused-vars
  339:5   warning  '$' is not defined                         no-undef
  341:5   warning  'elem' is not defined                      no-undef
  343:5   warning  'initial_top' is not defined               no-undef
  343:30  warning  '$' is not defined                         no-undef
  344:5   warning  'initial_left' is not defined              no-undef
  344:31  warning  '$' is not defined                         no-undef
  346:5   warning  'final_top' is not defined                 no-undef
  347:5   warning  'step_top' is not defined                  no-undef
  348:5   warning  'step_left' is not defined                 no-undef
  349:5   warning  'type_of_movement' is not defined          no-undef
  354:9   warning  '$' is not defined                         no-undef
  355:9   warning  'cursorPointers' is not defined            no-undef
  356:9   warning  'count' is not defined                     no-undef

/home/runner/work/exp-beer-lambert-law-iiith/exp-beer-lambert-law-iiith/experiment/simulation/expt6/mas_expt6.js
    7:9   warning  'y' is assigned a value but never used                 no-unused-vars
   10:9   warning  'initial_top' is defined but never used                no-unused-vars
   11:9   warning  'initial_left' is defined but never used               no-unused-vars
   12:9   warning  'final_top' is defined but never used                  no-unused-vars
   13:9   warning  'final_left' is defined but never used                 no-unused-vars
   14:9   warning  'step' is defined but never used                       no-unused-vars
   15:9   warning  'elem' is defined but never used                       no-unused-vars
   16:9   warning  'img' is defined but never used                        no-unused-vars
   16:13  warning  'img1' is defined but never used                       no-unused-vars
   17:9   warning  'id' is defined but never used                         no-unused-vars
   17:12  warning  'id1' is defined but never used                        no-unused-vars
   18:9   warning  'type_of_movement' is defined but never used           no-unused-vars
   19:9   warning  'turnon' is already defined                            no-redeclare
   24:9   warning  'choosen_solution' is assigned a value but never used  no-unused-vars
   75:13  warning  'flask' is not defined                                 no-undef
   78:13  warning  'pipette' is not defined                               no-undef
   81:13  warning  'beaker' is not defined                                no-undef
   84:13  warning  'cuvette' is not defined                               no-undef
  212:5   warning  'newwindow' is not defined                             no-undef
  215:9   warning  'newwindow' is not defined                             no-undef
  262:13  warning  '$' is not defined                                     no-undef
  271:10  warning  'removeClock' is defined but never used                no-unused-vars
  272:5   warning  '$' is not defined                                     no-undef
  303:9   warning  'conc_value' is not defined                            no-undef
  304:12  warning  Unexpected constant condition                          no-constant-condition
  304:12  warning  'conc_value' is not defined                            no-undef
  334:9   warning  'conc_value' is not defined                            no-undef
  335:12  warning  Unexpected constant condition                          no-constant-condition
  335:12  warning  'conc_value' is not defined                            no-undef
  336:13  warning  'vid' is not defined                                   no-undef
  353:9   warning  '$' is not defined                                     no-undef
  355:9   warning  'vid' is not defined                                   no-undef
  357:9   warning  'vid' is not defined                                   no-undef
  368:9   warning  '$' is not defined                                     no-undef

/home/runner/work/exp-beer-lambert-law-iiith/exp-beer-lambert-law-iiith/experiment/simulation/libraries/bootstrap-3.3.7-dist/js/bootstrap.js
    17:3  warning  'jQuery' is not defined                                     no-undef
    77:3  warning  'jQuery' is not defined                                     no-undef
   172:3  warning  'jQuery' is not defined                                     no-undef
   298:3  warning  'jQuery' is not defined                                     no-undef
   536:3  warning  'jQuery' is not defined                                     no-undef
   667:7  warning  Unexpected newline between object and [ of property access  no-unexpected-multiline
   749:3  warning  'jQuery' is not defined                                     no-undef
   915:3  warning  'jQuery' is not defined                                     no-undef
  1255:3  warning  'jQuery' is not defined                                     no-undef
  1776:3  warning  'jQuery' is not defined                                     no-undef
  1885:3  warning  'jQuery' is not defined                                     no-undef
  2058:3  warning  'jQuery' is not defined                                     no-undef
  2214:3  warning  'jQuery' is not defined                                     no-undef
  2377:3  warning  'jQuery' is not defined                                     no-undef

/home/runner/work/exp-beer-lambert-law-iiith/exp-beer-lambert-law-iiith/experiment/simulation/libraries/bootstrap-3.3.7-dist/js/bootstrap.min.js
  6:319    warning  'jQuery' is not defined                 no-undef
  6:1071   warning  'jQuery' is not defined                 no-undef
  6:2016   warning  'jQuery' is not defined                 no-undef
  6:3965   warning  'jQuery' is not defined                 no-undef
  6:8001   warning  'jQuery' is not defined                 no-undef
  6:11369  warning  'jQuery' is not defined                 no-undef
  6:13732  warning  'jQuery' is not defined                 no-undef
  6:19734  warning  'jQuery' is not defined                 no-undef
  6:27338  warning  'a' is assigned a value but never used  no-unused-vars
  6:28677  warning  'jQuery' is not defined                 no-undef
  6:30264  warning  'jQuery' is not defined                 no-undef
  7:648    warning  'jQuery' is not defined                 no-undef
  7:2468   warning  'jQuery' is not defined                 no-undef
  7:4879   warning  'jQuery' is not defined                 no-undef

/home/runner/work/exp-beer-lambert-law-iiith/exp-beer-lambert-law-iiith/experiment/simulation/libraries/bootstrap-3.3.7-dist/js/npm.js
   2:1  warning  'require' is not defined  no-undef
   3:1  warning  'require' is not defined  no-undef
   4:1  warning  'require' is not defined  no-undef
   5:1  warning  'require' is not defined  no-undef
   6:1  warning  'require' is not defined  no-undef
   7:1  warning  'require' is not defined  no-undef
   8:1  warning  'require' is not defined  no-undef
   9:1  warning  'require' is not defined  no-undef
  10:1  warning  'require' is not defined  no-undef
  11:1  warning  'require' is not defined  no-undef
  12:1  warning  'require' is not defined  no-undef
  13:1  warning  'require' is not defined  no-undef

/home/runner/work/exp-beer-lambert-law-iiith/exp-beer-lambert-law-iiith/experiment/simulation/libraries/jQueryRotate.js
   20:5   warning  'jQuery' is not defined                                                    no-undef
   32:38  warning  'Wilq32' is not defined                                                    no-undef
   66:5   warning  'Wilq32' is not defined                                                    no-undef
   67:5   warning  'Wilq32' is not defined                                                    no-undef
   96:13  warning  'jQuery' is not defined                                                    no-undef
  102:5   warning  'Wilq32' is not defined                                                    no-undef
  149:52  warning  Do not access Object.prototype method 'hasOwnProperty' from target object  no-prototype-builtins
  151:15  warning  'jQuery' is not defined                                                    no-undef
  155:18  warning  'a' is already defined                                                     no-redeclare
  155:42  warning  Do not access Object.prototype method 'hasOwnProperty' from target object  no-prototype-builtins
  157:11  warning  'jQuery' is not defined                                                    no-undef
  163:13  warning  'IE' is not defined                                                        no-undef
  198:20  warning  Expected a conditional expression and instead saw an assignment            no-cond-assign
  232:20  warning  Expected a conditional expression and instead saw an assignment            no-cond-assign
  284:13  warning  'IE' is not defined                                                        no-undef
  322:11  warning  'IE' is not defined                                                        no-undef
  324:9   warning  'Wilq32' is not defined                                                    no-undef
  339:4   warning  'jQuery' is not defined                                                    no-undef

✖ 286 problems (0 errors, 286 warnings)

